Using pre-set license
Built from '2020.3/staging' branch; Version is '2020.3.4f1 (0abb6314276a) revision 703331'; Using compiler version '192528614'; Build Type 'Release'
OS: 'Windows 10 Home; OS build 19042.928; Version 2009; 64bit' Language: 'en' Physical Memory: 16260 MB
BatchMode: 1, IsHumanControllingUs: 0, StartBugReporterOnCrash: 0, Is64bit: 1, IsPro: 0

 COMMAND LINE ARGUMENTS:
C:\Program Files\Unity\Hub\Editor\2020.3.4f1\Editor\Unity.exe
-adb2
-batchMode
-noUpm
-name
AssetImportWorker0
-projectPath
C:/Users/katoj/Desktop/Individual Project/FPS Final Project
-logFile
Logs/AssetImportWorker0.log
-srvPort
53050
Successfully changed project path to: C:/Users/katoj/Desktop/Individual Project/FPS Final Project
C:/Users/katoj/Desktop/Individual Project/FPS Final Project
Using Asset Import Pipeline V2.
Refreshing native plugins compatible for Editor in 50.98 ms, found 0 plugins.
Preloading 0 native plugins for Editor in 0.00 ms.
Initialize engine version: 2020.3.4f1 (0abb6314276a)
[Subsystems] Discovering subsystems at path C:/Program Files/Unity/Hub/Editor/2020.3.4f1/Editor/Data/Resources/UnitySubsystems
[Subsystems] Discovering subsystems at path C:/Users/katoj/Desktop/Individual Project/FPS Final Project/Assets
GfxDevice: creating device client; threaded=0
Direct3D:
    Version:  Direct3D 11.0 [level 11.1]
    Renderer: NVIDIA GeForce GTX 1070 (ID=0x1b81)
    Vendor:   
    VRAM:     8088 MB
    Driver:   27.21.14.5671
Initialize mono
Mono path[0] = 'C:/Program Files/Unity/Hub/Editor/2020.3.4f1/Editor/Data/Managed'
Mono path[1] = 'C:/Program Files/Unity/Hub/Editor/2020.3.4f1/Editor/Data/MonoBleedingEdge/lib/mono/unityjit'
Mono config path = 'C:/Program Files/Unity/Hub/Editor/2020.3.4f1/Editor/Data/MonoBleedingEdge/etc'
Using monoOptions --debugger-agent=transport=dt_socket,embedding=1,server=y,suspend=n,address=127.0.0.1:56088
Begin MonoManager ReloadAssembly
Registering precompiled unity dll's ...
Register platform support module: C:/Program Files/Unity/Hub/Editor/2020.3.4f1/Editor/Data/PlaybackEngines/MacStandaloneSupport/UnityEditor.OSXStandalone.Extensions.dll
Register platform support module: C:/Program Files/Unity/Hub/Editor/2020.3.4f1/Editor/Data/PlaybackEngines/WindowsStandaloneSupport/UnityEditor.WindowsStandalone.Extensions.dll
Registered in 0.002821 seconds.
Native extension for WindowsStandalone target not found
Native extension for OSXStandalone target not found
Refreshing native plugins compatible for Editor in 43.79 ms, found 0 plugins.
Preloading 0 native plugins for Editor in 0.00 ms.
Mono: successfully reloaded assembly
- Completed reload, in  1.071 seconds
Platform modules already initialized, skipping
Registering precompiled user dll's ...
Registered in 0.005154 seconds.
Begin MonoManager ReloadAssembly
Native extension for WindowsStandalone target not found
Native extension for OSXStandalone target not found
Refreshing native plugins compatible for Editor in 0.52 ms, found 0 plugins.
Preloading 0 native plugins for Editor in 0.00 ms.
Mono: successfully reloaded assembly
- Completed reload, in  0.836 seconds
Platform modules already initialized, skipping
========================================================================
Worker process is ready to serve import requests
Launched and connected shader compiler UnityShaderCompiler.exe after 0.04 seconds
Refreshing native plugins compatible for Editor in 0.50 ms, found 0 plugins.
Preloading 0 native plugins for Editor in 0.00 ms.
Unloading 1959 Unused Serialized files (Serialized files now loaded: 0)
System memory in use before: 90.3 MB.
System memory in use after: 90.4 MB.

Unloading 46 unused Assets to reduce memory usage. Loaded Objects now: 2382.
Total: 4.566400 ms (FindLiveObjects: 0.178100 ms CreateObjectMapping: 0.063700 ms MarkObjects: 4.251200 ms  DeleteObjects: 0.072400 ms)

========================================================================
Received Import Request.
  path: Assets/Resources
  artifactKey: Guid(77c5664f3c0a4504b887a2161addf87e) Importer(815301076,1909f56bfc062723c751e8b465ee728b)
Start importing Assets/Resources using Guid(77c5664f3c0a4504b887a2161addf87e) Importer(815301076,1909f56bfc062723c751e8b465ee728b)  -> (artifact id: '6ced542756349f10279a30569bae3d9b') in 0.012111 seconds
  Import took 0.014725 seconds .

========================================================================
Received Import Request.
  Time since last request: 11.331202 seconds.
  path: Assets/Scripts/GameManager.cs
  artifactKey: Guid(beef924f15e4a0d428868d2842a8bd0b) Importer(815301076,1909f56bfc062723c751e8b465ee728b)
Start importing Assets/Scripts/GameManager.cs using Guid(beef924f15e4a0d428868d2842a8bd0b) Importer(815301076,1909f56bfc062723c751e8b465ee728b)  -> (artifact id: '46f68658707516bd53e7b3708a78ac0e') in 0.034242 seconds
  Import took 0.037101 seconds .

========================================================================
Received Prepare
Registering precompiled user dll's ...
Registered in 0.005730 seconds.
Begin MonoManager ReloadAssembly
Native extension for WindowsStandalone target not found
Native extension for OSXStandalone target not found
Refreshing native plugins compatible for Editor in 0.60 ms, found 0 plugins.
Preloading 0 native plugins for Editor in 0.00 ms.
Mono: successfully reloaded assembly
- Completed reload, in  0.963 seconds
Platform modules already initialized, skipping
Refreshing native plugins compatible for Editor in 0.61 ms, found 0 plugins.
Preloading 0 native plugins for Editor in 0.00 ms.
Unloading 1918 Unused Serialized files (Serialized files now loaded: 0)
System memory in use before: 86.7 MB.
System memory in use after: 86.9 MB.

Unloading 37 unused Assets to reduce memory usage. Loaded Objects now: 2385.
Total: 5.872400 ms (FindLiveObjects: 0.243300 ms CreateObjectMapping: 0.068800 ms MarkObjects: 5.535200 ms  DeleteObjects: 0.023500 ms)

========================================================================
Received Prepare
Registering precompiled user dll's ...
Registered in 0.004593 seconds.
Begin MonoManager ReloadAssembly
Native extension for WindowsStandalone target not found
Native extension for OSXStandalone target not found
Refreshing native plugins compatible for Editor in 0.53 ms, found 0 plugins.
Preloading 0 native plugins for Editor in 0.00 ms.
Mono: successfully reloaded assembly
- Completed reload, in  0.822 seconds
Platform modules already initialized, skipping
Refreshing native plugins compatible for Editor in 0.59 ms, found 0 plugins.
Preloading 0 native plugins for Editor in 0.00 ms.
Unloading 1918 Unused Serialized files (Serialized files now loaded: 0)
System memory in use before: 86.8 MB.
System memory in use after: 86.9 MB.

Unloading 37 unused Assets to reduce memory usage. Loaded Objects now: 2388.
Total: 4.831900 ms (FindLiveObjects: 0.252600 ms CreateObjectMapping: 0.089200 ms MarkObjects: 4.466900 ms  DeleteObjects: 0.022000 ms)

========================================================================
Received Prepare
Registering precompiled user dll's ...
Registered in 0.004681 seconds.
Begin MonoManager ReloadAssembly
Native extension for WindowsStandalone target not found
Native extension for OSXStandalone target not found
Refreshing native plugins compatible for Editor in 0.54 ms, found 0 plugins.
Preloading 0 native plugins for Editor in 0.00 ms.
Mono: successfully reloaded assembly
- Completed reload, in  0.848 seconds
Platform modules already initialized, skipping
Refreshing native plugins compatible for Editor in 0.57 ms, found 0 plugins.
Preloading 0 native plugins for Editor in 0.00 ms.
Unloading 1918 Unused Serialized files (Serialized files now loaded: 0)
System memory in use before: 86.8 MB.
System memory in use after: 86.9 MB.

Unloading 37 unused Assets to reduce memory usage. Loaded Objects now: 2391.
Total: 5.407000 ms (FindLiveObjects: 0.290100 ms CreateObjectMapping: 0.076200 ms MarkObjects: 5.010600 ms  DeleteObjects: 0.028500 ms)

========================================================================
Received Prepare
Registering precompiled user dll's ...
Registered in 0.004705 seconds.
Begin MonoManager ReloadAssembly
Native extension for WindowsStandalone target not found
Native extension for OSXStandalone target not found
Refreshing native plugins compatible for Editor in 0.56 ms, found 0 plugins.
Preloading 0 native plugins for Editor in 0.00 ms.
Mono: successfully reloaded assembly
- Completed reload, in  0.820 seconds
Platform modules already initialized, skipping
Refreshing native plugins compatible for Editor in 0.53 ms, found 0 plugins.
Preloading 0 native plugins for Editor in 0.00 ms.
Unloading 1918 Unused Serialized files (Serialized files now loaded: 0)
System memory in use before: 86.8 MB.
System memory in use after: 86.9 MB.

Unloading 37 unused Assets to reduce memory usage. Loaded Objects now: 2394.
Total: 4.449700 ms (FindLiveObjects: 0.188400 ms CreateObjectMapping: 0.069500 ms MarkObjects: 4.165700 ms  DeleteObjects: 0.024900 ms)

========================================================================
Received Prepare
Registering precompiled user dll's ...
Registered in 0.006705 seconds.
Begin MonoManager ReloadAssembly
Native extension for WindowsStandalone target not found
Native extension for OSXStandalone target not found
Refreshing native plugins compatible for Editor in 0.76 ms, found 0 plugins.
Preloading 0 native plugins for Editor in 0.00 ms.
Mono: successfully reloaded assembly
- Completed reload, in  1.353 seconds
Platform modules already initialized, skipping
Refreshing native plugins compatible for Editor in 0.97 ms, found 0 plugins.
Preloading 0 native plugins for Editor in 0.00 ms.
Unloading 1918 Unused Serialized files (Serialized files now loaded: 0)
System memory in use before: 86.8 MB.
System memory in use after: 86.9 MB.

Unloading 37 unused Assets to reduce memory usage. Loaded Objects now: 2397.
Total: 5.950400 ms (FindLiveObjects: 0.190700 ms CreateObjectMapping: 0.068900 ms MarkObjects: 5.648900 ms  DeleteObjects: 0.039900 ms)

========================================================================
Received Prepare
Registering precompiled user dll's ...
Registered in 0.004679 seconds.
Begin MonoManager ReloadAssembly
Native extension for WindowsStandalone target not found
Native extension for OSXStandalone target not found
Refreshing native plugins compatible for Editor in 0.56 ms, found 0 plugins.
Preloading 0 native plugins for Editor in 0.00 ms.
Mono: successfully reloaded assembly
- Completed reload, in  0.873 seconds
Platform modules already initialized, skipping
Refreshing native plugins compatible for Editor in 0.53 ms, found 0 plugins.
Preloading 0 native plugins for Editor in 0.00 ms.
Unloading 1918 Unused Serialized files (Serialized files now loaded: 0)
System memory in use before: 86.8 MB.
System memory in use after: 86.9 MB.

Unloading 37 unused Assets to reduce memory usage. Loaded Objects now: 2400.
Total: 4.535700 ms (FindLiveObjects: 0.196200 ms CreateObjectMapping: 0.128100 ms MarkObjects: 4.183200 ms  DeleteObjects: 0.026800 ms)

========================================================================
Received Prepare
Registering precompiled user dll's ...
Registered in 0.004623 seconds.
Begin MonoManager ReloadAssembly
Native extension for WindowsStandalone target not found
Native extension for OSXStandalone target not found
Refreshing native plugins compatible for Editor in 0.54 ms, found 0 plugins.
Preloading 0 native plugins for Editor in 0.00 ms.
Mono: successfully reloaded assembly
- Completed reload, in  0.815 seconds
Platform modules already initialized, skipping
Refreshing native plugins compatible for Editor in 0.54 ms, found 0 plugins.
Preloading 0 native plugins for Editor in 0.00 ms.
Unloading 1918 Unused Serialized files (Serialized files now loaded: 0)
System memory in use before: 86.8 MB.
System memory in use after: 87.0 MB.

Unloading 37 unused Assets to reduce memory usage. Loaded Objects now: 2403.
Total: 6.331100 ms (FindLiveObjects: 0.322400 ms CreateObjectMapping: 0.119300 ms MarkObjects: 5.857700 ms  DeleteObjects: 0.029100 ms)

========================================================================
Received Prepare
Registering precompiled user dll's ...
Registered in 0.004607 seconds.
Begin MonoManager ReloadAssembly
Native extension for WindowsStandalone target not found
Native extension for OSXStandalone target not found
Refreshing native plugins compatible for Editor in 0.54 ms, found 0 plugins.
Preloading 0 native plugins for Editor in 0.00 ms.
Mono: successfully reloaded assembly
- Completed reload, in  0.822 seconds
Platform modules already initialized, skipping
Refreshing native plugins compatible for Editor in 0.54 ms, found 0 plugins.
Preloading 0 native plugins for Editor in 0.00 ms.
Unloading 1918 Unused Serialized files (Serialized files now loaded: 0)
System memory in use before: 86.9 MB.
System memory in use after: 87.0 MB.

Unloading 37 unused Assets to reduce memory usage. Loaded Objects now: 2406.
Total: 4.556000 ms (FindLiveObjects: 0.219800 ms CreateObjectMapping: 0.084400 ms MarkObjects: 4.228400 ms  DeleteObjects: 0.021600 ms)

========================================================================
Received Prepare
Registering precompiled user dll's ...
Registered in 0.005995 seconds.
Begin MonoManager ReloadAssembly
Native extension for WindowsStandalone target not found
Native extension for OSXStandalone target not found
Refreshing native plugins compatible for Editor in 0.58 ms, found 0 plugins.
Preloading 0 native plugins for Editor in 0.00 ms.
Mono: successfully reloaded assembly
- Completed reload, in  0.805 seconds
Platform modules already initialized, skipping
Refreshing native plugins compatible for Editor in 0.55 ms, found 0 plugins.
Preloading 0 native plugins for Editor in 0.00 ms.
Unloading 1918 Unused Serialized files (Serialized files now loaded: 0)
System memory in use before: 86.9 MB.
System memory in use after: 87.0 MB.

Unloading 37 unused Assets to reduce memory usage. Loaded Objects now: 2409.
Total: 5.047000 ms (FindLiveObjects: 0.313800 ms CreateObjectMapping: 0.131200 ms MarkObjects: 4.576100 ms  DeleteObjects: 0.024400 ms)

========================================================================
Received Prepare
Registering precompiled user dll's ...
Registered in 0.006691 seconds.
Begin MonoManager ReloadAssembly
Native extension for WindowsStandalone target not found
Native extension for OSXStandalone target not found
Refreshing native plugins compatible for Editor in 0.55 ms, found 0 plugins.
Preloading 0 native plugins for Editor in 0.00 ms.
Mono: successfully reloaded assembly
- Completed reload, in  0.830 seconds
Platform modules already initialized, skipping
Refreshing native plugins compatible for Editor in 0.53 ms, found 0 plugins.
Preloading 0 native plugins for Editor in 0.00 ms.
Unloading 1918 Unused Serialized files (Serialized files now loaded: 0)
System memory in use before: 86.9 MB.
System memory in use after: 87.0 MB.

Unloading 37 unused Assets to reduce memory usage. Loaded Objects now: 2412.
Total: 4.485700 ms (FindLiveObjects: 0.196800 ms CreateObjectMapping: 0.075400 ms MarkObjects: 4.193300 ms  DeleteObjects: 0.019400 ms)

========================================================================
Received Prepare
Registering precompiled user dll's ...
Registered in 0.004682 seconds.
Begin MonoManager ReloadAssembly
Native extension for WindowsStandalone target not found
Native extension for OSXStandalone target not found
Refreshing native plugins compatible for Editor in 0.58 ms, found 0 plugins.
Preloading 0 native plugins for Editor in 0.00 ms.
Mono: successfully reloaded assembly
- Completed reload, in  0.807 seconds
Platform modules already initialized, skipping
Refreshing native plugins compatible for Editor in 0.56 ms, found 0 plugins.
Preloading 0 native plugins for Editor in 0.00 ms.
Unloading 1918 Unused Serialized files (Serialized files now loaded: 0)
System memory in use before: 86.9 MB.
System memory in use after: 87.0 MB.

Unloading 37 unused Assets to reduce memory usage. Loaded Objects now: 2415.
Total: 5.412500 ms (FindLiveObjects: 0.343700 ms CreateObjectMapping: 0.158200 ms MarkObjects: 4.880400 ms  DeleteObjects: 0.028800 ms)

========================================================================
Received Prepare
Registering precompiled user dll's ...
Registered in 0.004706 seconds.
Begin MonoManager ReloadAssembly
Native extension for WindowsStandalone target not found
Native extension for OSXStandalone target not found
Refreshing native plugins compatible for Editor in 0.56 ms, found 0 plugins.
Preloading 0 native plugins for Editor in 0.00 ms.
Mono: successfully reloaded assembly
- Completed reload, in  0.861 seconds
Platform modules already initialized, skipping
Refreshing native plugins compatible for Editor in 0.94 ms, found 0 plugins.
Preloading 0 native plugins for Editor in 0.00 ms.
Unloading 1918 Unused Serialized files (Serialized files now loaded: 0)
System memory in use before: 86.9 MB.
System memory in use after: 87.0 MB.

Unloading 37 unused Assets to reduce memory usage. Loaded Objects now: 2418.
Total: 5.552200 ms (FindLiveObjects: 0.329900 ms CreateObjectMapping: 0.108900 ms MarkObjects: 5.084900 ms  DeleteObjects: 0.026900 ms)

========================================================================
Received Prepare
Registering precompiled user dll's ...
Registered in 0.006230 seconds.
Begin MonoManager ReloadAssembly
Native extension for WindowsStandalone target not found
Native extension for OSXStandalone target not found
Refreshing native plugins compatible for Editor in 0.80 ms, found 0 plugins.
Preloading 0 native plugins for Editor in 0.00 ms.
Mono: successfully reloaded assembly
- Completed reload, in  1.098 seconds
Platform modules already initialized, skipping
Refreshing native plugins compatible for Editor in 0.81 ms, found 0 plugins.
Preloading 0 native plugins for Editor in 0.00 ms.
Unloading 1918 Unused Serialized files (Serialized files now loaded: 0)
System memory in use before: 86.9 MB.
System memory in use after: 87.0 MB.

Unloading 37 unused Assets to reduce memory usage. Loaded Objects now: 2421.
Total: 6.174000 ms (FindLiveObjects: 0.297100 ms CreateObjectMapping: 0.108000 ms MarkObjects: 5.741600 ms  DeleteObjects: 0.025900 ms)

========================================================================
Received Prepare
Registering precompiled user dll's ...
Registered in 0.005787 seconds.
Begin MonoManager ReloadAssembly
Native extension for WindowsStandalone target not found
Native extension for OSXStandalone target not found
Refreshing native plugins compatible for Editor in 0.66 ms, found 0 plugins.
Preloading 0 native plugins for Editor in 0.00 ms.
Mono: successfully reloaded assembly
- Completed reload, in  1.079 seconds
Platform modules already initialized, skipping
Refreshing native plugins compatible for Editor in 0.74 ms, found 0 plugins.
Preloading 0 native plugins for Editor in 0.00 ms.
Unloading 1918 Unused Serialized files (Serialized files now loaded: 0)
System memory in use before: 86.9 MB.
System memory in use after: 87.0 MB.

Unloading 37 unused Assets to reduce memory usage. Loaded Objects now: 2424.
Total: 6.008900 ms (FindLiveObjects: 0.254100 ms CreateObjectMapping: 0.109300 ms MarkObjects: 5.616600 ms  DeleteObjects: 0.027200 ms)

========================================================================
Received Prepare
Registering precompiled user dll's ...
Registered in 0.004912 seconds.
Begin MonoManager ReloadAssembly
Native extension for WindowsStandalone target not found
Native extension for OSXStandalone target not found
Refreshing native plugins compatible for Editor in 0.54 ms, found 0 plugins.
Preloading 0 native plugins for Editor in 0.00 ms.
Mono: successfully reloaded assembly
- Completed reload, in  0.828 seconds
Platform modules already initialized, skipping
Refreshing native plugins compatible for Editor in 0.69 ms, found 0 plugins.
Preloading 0 native plugins for Editor in 0.00 ms.
Unloading 1918 Unused Serialized files (Serialized files now loaded: 0)
System memory in use before: 86.9 MB.
System memory in use after: 87.0 MB.

Unloading 37 unused Assets to reduce memory usage. Loaded Objects now: 2427.
Total: 5.030200 ms (FindLiveObjects: 0.318200 ms CreateObjectMapping: 0.122900 ms MarkObjects: 4.566100 ms  DeleteObjects: 0.021800 ms)

========================================================================
Received Prepare
Registering precompiled user dll's ...
Registered in 0.006085 seconds.
Begin MonoManager ReloadAssembly
Native extension for WindowsStandalone target not found
Native extension for OSXStandalone target not found
Refreshing native plugins compatible for Editor in 0.76 ms, found 0 plugins.
Preloading 0 native plugins for Editor in 0.00 ms.
Mono: successfully reloaded assembly
- Completed reload, in  1.044 seconds
Platform modules already initialized, skipping
Refreshing native plugins compatible for Editor in 0.66 ms, found 0 plugins.
Preloading 0 native plugins for Editor in 0.00 ms.
Unloading 1918 Unused Serialized files (Serialized files now loaded: 0)
System memory in use before: 86.9 MB.
System memory in use after: 87.0 MB.

Unloading 37 unused Assets to reduce memory usage. Loaded Objects now: 2430.
Total: 5.574300 ms (FindLiveObjects: 0.411300 ms CreateObjectMapping: 0.217700 ms MarkObjects: 4.918900 ms  DeleteObjects: 0.024900 ms)

========================================================================
Received Prepare
Registering precompiled user dll's ...
Registered in 0.005924 seconds.
Begin MonoManager ReloadAssembly
Native extension for WindowsStandalone target not found
Native extension for OSXStandalone target not found
Refreshing native plugins compatible for Editor in 0.56 ms, found 0 plugins.
Preloading 0 native plugins for Editor in 0.00 ms.
Mono: successfully reloaded assembly
- Completed reload, in  0.860 seconds
Platform modules already initialized, skipping
Refreshing native plugins compatible for Editor in 0.57 ms, found 0 plugins.
Preloading 0 native plugins for Editor in 0.00 ms.
Unloading 1918 Unused Serialized files (Serialized files now loaded: 0)
System memory in use before: 86.9 MB.
System memory in use after: 87.0 MB.

Unloading 37 unused Assets to reduce memory usage. Loaded Objects now: 2433.
Total: 5.928900 ms (FindLiveObjects: 0.210500 ms CreateObjectMapping: 0.076700 ms MarkObjects: 5.615100 ms  DeleteObjects: 0.025200 ms)

========================================================================
Received Prepare
Registering precompiled user dll's ...
Registered in 0.004681 seconds.
Begin MonoManager ReloadAssembly
Native extension for WindowsStandalone target not found
Native extension for OSXStandalone target not found
Refreshing native plugins compatible for Editor in 0.54 ms, found 0 plugins.
Preloading 0 native plugins for Editor in 0.00 ms.
Mono: successfully reloaded assembly
- Completed reload, in  0.817 seconds
Platform modules already initialized, skipping
Refreshing native plugins compatible for Editor in 0.54 ms, found 0 plugins.
Preloading 0 native plugins for Editor in 0.00 ms.
Unloading 1918 Unused Serialized files (Serialized files now loaded: 0)
System memory in use before: 86.9 MB.
System memory in use after: 87.0 MB.

Unloading 37 unused Assets to reduce memory usage. Loaded Objects now: 2436.
Total: 5.143500 ms (FindLiveObjects: 0.210500 ms CreateObjectMapping: 0.100800 ms MarkObjects: 4.806600 ms  DeleteObjects: 0.024300 ms)

========================================================================
Received Prepare
Registering precompiled user dll's ...
Registered in 0.004852 seconds.
Begin MonoManager ReloadAssembly
Native extension for WindowsStandalone target not found
Native extension for OSXStandalone target not found
Refreshing native plugins compatible for Editor in 0.55 ms, found 0 plugins.
Preloading 0 native plugins for Editor in 0.00 ms.
Mono: successfully reloaded assembly
- Completed reload, in  0.806 seconds
Platform modules already initialized, skipping
Refreshing native plugins compatible for Editor in 0.58 ms, found 0 plugins.
Preloading 0 native plugins for Editor in 0.00 ms.
Unloading 1918 Unused Serialized files (Serialized files now loaded: 0)
System memory in use before: 86.9 MB.
System memory in use after: 87.0 MB.

Unloading 37 unused Assets to reduce memory usage. Loaded Objects now: 2439.
Total: 5.379400 ms (FindLiveObjects: 0.285000 ms CreateObjectMapping: 0.082200 ms MarkObjects: 4.986800 ms  DeleteObjects: 0.024000 ms)

========================================================================
Received Prepare
Registering precompiled user dll's ...
Registered in 0.005871 seconds.
Begin MonoManager ReloadAssembly
Native extension for WindowsStandalone target not found
Native extension for OSXStandalone target not found
Refreshing native plugins compatible for Editor in 0.86 ms, found 0 plugins.
Preloading 0 native plugins for Editor in 0.00 ms.
Mono: successfully reloaded assembly
- Completed reload, in  1.135 seconds
Platform modules already initialized, skipping
Refreshing native plugins compatible for Editor in 0.55 ms, found 0 plugins.
Preloading 0 native plugins for Editor in 0.00 ms.
Unloading 1918 Unused Serialized files (Serialized files now loaded: 0)
System memory in use before: 86.9 MB.
System memory in use after: 87.0 MB.

Unloading 37 unused Assets to reduce memory usage. Loaded Objects now: 2442.
Total: 5.082500 ms (FindLiveObjects: 0.304500 ms CreateObjectMapping: 0.114000 ms MarkObjects: 4.630000 ms  DeleteObjects: 0.032100 ms)

========================================================================
Received Import Request.
  Time since last request: 3791.968589 seconds.
  path: Assets
  artifactKey: Guid(00000000000000001000000000000000) Importer(815301076,1909f56bfc062723c751e8b465ee728b)
Start importing Assets using Guid(00000000000000001000000000000000) Importer(815301076,1909f56bfc062723c751e8b465ee728b)  -> (artifact id: '025e4f587c23674256bb898581e82961') in 0.010907 seconds
  Import took 0.014121 seconds .

========================================================================
Received Import Request.
  Time since last request: 16.504634 seconds.
  path: Assets/GermSpike 1.prefab
  artifactKey: Guid(4e0625df69c4b6a4190ee76e2f11ac5c) Importer(815301076,1909f56bfc062723c751e8b465ee728b)
Start importing Assets/GermSpike 1.prefab using Guid(4e0625df69c4b6a4190ee76e2f11ac5c) Importer(815301076,1909f56bfc062723c751e8b465ee728b)  -> (artifact id: '6726fde851b54e5ade4edbdf48bdbb4f') in 0.098235 seconds
  Import took 0.101668 seconds .

========================================================================
Received Import Request.
  Time since last request: 20.426923 seconds.
  path: Assets/GermSpikeREd.prefab
  artifactKey: Guid(4e0625df69c4b6a4190ee76e2f11ac5c) Importer(815301076,1909f56bfc062723c751e8b465ee728b)
Start importing Assets/GermSpikeREd.prefab using Guid(4e0625df69c4b6a4190ee76e2f11ac5c) Importer(815301076,1909f56bfc062723c751e8b465ee728b)  -> (artifact id: '242041eed4bb6f0d0aeb43b4339e6d48') in 0.023601 seconds
  Import took 0.027590 seconds .

========================================================================
Received Import Request.
  Time since last request: 7.078458 seconds.
  path: Assets/GermSpikeRed.prefab
  artifactKey: Guid(4e0625df69c4b6a4190ee76e2f11ac5c) Importer(815301076,1909f56bfc062723c751e8b465ee728b)
Start importing Assets/GermSpikeRed.prefab using Guid(4e0625df69c4b6a4190ee76e2f11ac5c) Importer(815301076,1909f56bfc062723c751e8b465ee728b)  -> (artifact id: 'ca69631bee16699e7a9e20aa1bd58a96') in 0.031796 seconds
  Import took 0.037601 seconds .

========================================================================
Received Import Request.
  Time since last request: 120.659155 seconds.
  path: Assets/Creator Kit - FPS/Art/Models/Characters/GermSpikeModel 1.FBX
  artifactKey: Guid(91e16728f0f9fa94fbaecdf2a97b0439) Importer(815301076,1909f56bfc062723c751e8b465ee728b)
Start importing Assets/Creator Kit - FPS/Art/Models/Characters/GermSpikeModel 1.FBX using Guid(91e16728f0f9fa94fbaecdf2a97b0439) Importer(815301076,1909f56bfc062723c751e8b465ee728b)  -> (artifact id: 'cfedbc26ebc99d8815eaba568107d1c9') in 0.076581 seconds
  Import took 0.079575 seconds .

========================================================================
Received Import Request.
  Time since last request: 10.945851 seconds.
  path: Assets/Creator Kit - FPS/Art/Models/Characters/GermSpikeModelRed.FBX
  artifactKey: Guid(91e16728f0f9fa94fbaecdf2a97b0439) Importer(815301076,1909f56bfc062723c751e8b465ee728b)
Start importing Assets/Creator Kit - FPS/Art/Models/Characters/GermSpikeModelRed.FBX using Guid(91e16728f0f9fa94fbaecdf2a97b0439) Importer(815301076,1909f56bfc062723c751e8b465ee728b)  -> (artifact id: '1c83177ce3d53f0f276d137c07af2488') in 0.022232 seconds
  Import took 0.025515 seconds .

========================================================================
Received Import Request.
  Time since last request: 7.676553 seconds.
  path: Assets/NeonSphere - Starter Pack/Materials/Neon Blue.mat
  artifactKey: Guid(4df1a878c2bc0c54db7808b9f3f494c3) Importer(815301076,1909f56bfc062723c751e8b465ee728b)
Start importing Assets/NeonSphere - Starter Pack/Materials/Neon Blue.mat using Guid(4df1a878c2bc0c54db7808b9f3f494c3) Importer(815301076,1909f56bfc062723c751e8b465ee728b)  -> (artifact id: '59f6ec132181d0c885dbe13ee3447280') in 0.032596 seconds
  Import took 0.036451 seconds .

========================================================================
Received Import Request.
  Time since last request: 0.000636 seconds.
  path: Assets/NeonSphere - Starter Pack/Materials/Neon Blue.mat
  artifactKey: Guid(4df1a878c2bc0c54db7808b9f3f494c3) Importer(815301076,1909f56bfc062723c751e8b465ee728b)
Start importing Assets/NeonSphere - Starter Pack/Materials/Neon Blue.mat using Guid(4df1a878c2bc0c54db7808b9f3f494c3) Importer(815301076,1909f56bfc062723c751e8b465ee728b)  -> (artifact id: '59f6ec132181d0c885dbe13ee3447280') in 0.013801 seconds
  Import took 0.017790 seconds .

========================================================================
Received Import Request.
  Time since last request: 85.255578 seconds.
  path: Assets/Creator Kit - FPS/Art/Models/Characters/GermSpikeModelRed.FBX
  artifactKey: Guid(91e16728f0f9fa94fbaecdf2a97b0439) Importer(815301076,1909f56bfc062723c751e8b465ee728b)
Start importing Assets/Creator Kit - FPS/Art/Models/Characters/GermSpikeModelRed.FBX using Guid(91e16728f0f9fa94fbaecdf2a97b0439) Importer(815301076,1909f56bfc062723c751e8b465ee728b)  -> (artifact id: 'be6eb340783d762679180d2aa6f11661') in 0.023433 seconds
  Import took 0.027105 seconds .

========================================================================
Received Import Request.
  Time since last request: 74.161930 seconds.
  path: Assets/GermSpikeRed 1.prefab
  artifactKey: Guid(14dd123c74252854e8ddd7849c4f7bd7) Importer(815301076,1909f56bfc062723c751e8b465ee728b)
Start importing Assets/GermSpikeRed 1.prefab using Guid(14dd123c74252854e8ddd7849c4f7bd7) Importer(815301076,1909f56bfc062723c751e8b465ee728b)  -> (artifact id: 'df21d49176f9aa09137f1a0dd1078fce') in 0.008218 seconds
  Import took 0.012097 seconds .

========================================================================
Received Import Request.
  Time since last request: 50.220311 seconds.
  path: Assets/GermSpikeRed 1.prefab
  artifactKey: Guid(14dd123c74252854e8ddd7849c4f7bd7) Importer(815301076,1909f56bfc062723c751e8b465ee728b)
Start importing Assets/GermSpikeRed 1.prefab using Guid(14dd123c74252854e8ddd7849c4f7bd7) Importer(815301076,1909f56bfc062723c751e8b465ee728b)  -> (artifact id: 'ce9dd9e853e20ad53ac411303bed60b1') in 0.022515 seconds
  Import took 0.026144 seconds .

========================================================================
Received Import Request.
  Time since last request: 0.005838 seconds.
  path: Assets/GermSpikeRed 1.prefab
  artifactKey: Guid(14dd123c74252854e8ddd7849c4f7bd7) Importer(815301076,1909f56bfc062723c751e8b465ee728b)
Start importing Assets/GermSpikeRed 1.prefab using Guid(14dd123c74252854e8ddd7849c4f7bd7) Importer(815301076,1909f56bfc062723c751e8b465ee728b)  -> (artifact id: 'ce9dd9e853e20ad53ac411303bed60b1') in 0.021785 seconds
  Import took 0.026073 seconds .

========================================================================
Received Import Request.
  Time since last request: 65.425102 seconds.
  path: Assets/GermSpikeRed.prefab
  artifactKey: Guid(4e0625df69c4b6a4190ee76e2f11ac5c) Importer(815301076,1909f56bfc062723c751e8b465ee728b)
Start importing Assets/GermSpikeRed.prefab using Guid(4e0625df69c4b6a4190ee76e2f11ac5c) Importer(815301076,1909f56bfc062723c751e8b465ee728b)  -> (artifact id: '87ef6c136ed9bb6c1bc22616f450ae7e') in 0.017854 seconds
  Import took 0.021234 seconds .

========================================================================
Received Import Request.
  Time since last request: 25.617684 seconds.
  path: Assets/Creator Kit - FPS/Art/Models/Characters/GermSpikeRed.prefab
  artifactKey: Guid(f0dd26c8dbdc7bb4eb588aca25dbb99e) Importer(815301076,1909f56bfc062723c751e8b465ee728b)
Start importing Assets/Creator Kit - FPS/Art/Models/Characters/GermSpikeRed.prefab using Guid(f0dd26c8dbdc7bb4eb588aca25dbb99e) Importer(815301076,1909f56bfc062723c751e8b465ee728b)  -> (artifact id: 'd794aaf0d40ac35549ccbc7ad8d01d02') in 0.005254 seconds
  Import took 0.008360 seconds .

========================================================================
Received Import Request.
  Time since last request: 4.357844 seconds.
  path: Assets/Creator Kit - FPS/Art/Models/Characters/GermSpikeRed.prefab
  artifactKey: Guid(f0dd26c8dbdc7bb4eb588aca25dbb99e) Importer(815301076,1909f56bfc062723c751e8b465ee728b)
Start importing Assets/Creator Kit - FPS/Art/Models/Characters/GermSpikeRed.prefab using Guid(f0dd26c8dbdc7bb4eb588aca25dbb99e) Importer(815301076,1909f56bfc062723c751e8b465ee728b)  -> (artifact id: 'd29a6d7128723d4aa830a2830ff69854') in 0.016634 seconds
  Import took 0.020248 seconds .

========================================================================
Received Import Request.
  Time since last request: 42.357090 seconds.
  path: Assets/CreatorKitFPS_Third-PartyNotice.txt
  artifactKey: Guid(f315a067df1855342958a44cbf699385) Importer(815301076,1909f56bfc062723c751e8b465ee728b)
Start importing Assets/CreatorKitFPS_Third-PartyNotice.txt using Guid(f315a067df1855342958a44cbf699385) Importer(815301076,1909f56bfc062723c751e8b465ee728b)  -> (artifact id: 'dbee5413e501a71de0387880403340e6') in 0.010894 seconds
  Import took 0.013783 seconds .

========================================================================
Received Import Request.
  Time since last request: 0.682054 seconds.
  path: Assets/CreatorKitFPS_Third-PartyNotice.txt
  artifactKey: Guid(f315a067df1855342958a44cbf699385) Importer(815301076,1909f56bfc062723c751e8b465ee728b)
Start importing Assets/CreatorKitFPS_Third-PartyNotice.txt using Guid(f315a067df1855342958a44cbf699385) Importer(815301076,1909f56bfc062723c751e8b465ee728b)  -> (artifact id: 'dbee5413e501a71de0387880403340e6') in 0.003695 seconds
  Import took 0.006627 seconds .

========================================================================
Received Import Request.
  Time since last request: 144.740404 seconds.
  path: Assets/Scripts/Player.cs
  artifactKey: Guid(299e798d0794e964391aaf5234742fad) Importer(815301076,1909f56bfc062723c751e8b465ee728b)
Start importing Assets/Scripts/Player.cs using Guid(299e798d0794e964391aaf5234742fad) Importer(815301076,1909f56bfc062723c751e8b465ee728b)  -> (artifact id: '3827ede45de5e33eab8accf7b58ffe8a') in 0.007630 seconds
  Import took 0.010742 seconds .

========================================================================
Received Import Request.
  Time since last request: 0.001947 seconds.
  path: Assets/Scripts/Player.cs
  artifactKey: Guid(299e798d0794e964391aaf5234742fad) Importer(815301076,1909f56bfc062723c751e8b465ee728b)
Start importing Assets/Scripts/Player.cs using Guid(299e798d0794e964391aaf5234742fad) Importer(815301076,1909f56bfc062723c751e8b465ee728b)  -> (artifact id: '3827ede45de5e33eab8accf7b58ffe8a') in 0.003215 seconds
  Import took 0.006058 seconds .

========================================================================
Received Prepare
Registering precompiled user dll's ...
Registered in 0.004720 seconds.
Begin MonoManager ReloadAssembly
Native extension for WindowsStandalone target not found
Native extension for OSXStandalone target not found
Refreshing native plugins compatible for Editor in 0.54 ms, found 0 plugins.
Preloading 0 native plugins for Editor in 0.00 ms.
Mono: successfully reloaded assembly
- Completed reload, in  0.813 seconds
Platform modules already initialized, skipping
Refreshing native plugins compatible for Editor in 0.56 ms, found 0 plugins.
Preloading 0 native plugins for Editor in 0.00 ms.
Unloading 1918 Unused Serialized files (Serialized files now loaded: 0)
System memory in use before: 90.5 MB.
System memory in use after: 90.6 MB.

Unloading 37 unused Assets to reduce memory usage. Loaded Objects now: 2489.
Total: 5.180700 ms (FindLiveObjects: 0.422200 ms CreateObjectMapping: 0.123100 ms MarkObjects: 4.610400 ms  DeleteObjects: 0.023600 ms)

========================================================================
Received Import Request.
  Time since last request: 17.103345 seconds.
  path: Assets/GermSpikeRed.prefab
  artifactKey: Guid(f0dd26c8dbdc7bb4eb588aca25dbb99e) Importer(815301076,1909f56bfc062723c751e8b465ee728b)
Start importing Assets/GermSpikeRed.prefab using Guid(f0dd26c8dbdc7bb4eb588aca25dbb99e) Importer(815301076,1909f56bfc062723c751e8b465ee728b)  -> (artifact id: '25dc7bebec820b4525059d3f86e9a897') in 0.059858 seconds
  Import took 0.063826 seconds .

========================================================================
Received Import Request.
  Time since last request: 0.037501 seconds.
  path: Assets/GermSpikeRed.prefab
  artifactKey: Guid(f0dd26c8dbdc7bb4eb588aca25dbb99e) Importer(815301076,1909f56bfc062723c751e8b465ee728b)
Start importing Assets/GermSpikeRed.prefab using Guid(f0dd26c8dbdc7bb4eb588aca25dbb99e) Importer(815301076,1909f56bfc062723c751e8b465ee728b)  -> (artifact id: '25dc7bebec820b4525059d3f86e9a897') in 0.017791 seconds
  Import took 0.021004 seconds .

========================================================================
Received Prepare
Registering precompiled user dll's ...
Registered in 0.004868 seconds.
Begin MonoManager ReloadAssembly
Native extension for WindowsStandalone target not found
Native extension for OSXStandalone target not found
Refreshing native plugins compatible for Editor in 0.54 ms, found 0 plugins.
Preloading 0 native plugins for Editor in 0.00 ms.
Mono: successfully reloaded assembly
- Completed reload, in  0.845 seconds
Platform modules already initialized, skipping
Refreshing native plugins compatible for Editor in 0.58 ms, found 0 plugins.
Preloading 0 native plugins for Editor in 0.00 ms.
Unloading 1918 Unused Serialized files (Serialized files now loaded: 0)
System memory in use before: 90.5 MB.
System memory in use after: 90.7 MB.

Unloading 37 unused Assets to reduce memory usage. Loaded Objects now: 2493.
Total: 4.886200 ms (FindLiveObjects: 0.285100 ms CreateObjectMapping: 0.069000 ms MarkObjects: 4.504500 ms  DeleteObjects: 0.025900 ms)

========================================================================
Received Import Request.
  Time since last request: 14.782759 seconds.
  path: Assets/GermSpikeRed.prefab
  artifactKey: Guid(f0dd26c8dbdc7bb4eb588aca25dbb99e) Importer(815301076,1909f56bfc062723c751e8b465ee728b)
Start importing Assets/GermSpikeRed.prefab using Guid(f0dd26c8dbdc7bb4eb588aca25dbb99e) Importer(815301076,1909f56bfc062723c751e8b465ee728b)  -> (artifact id: 'fed5fca060991f013c57ecedd885cb48') in 0.058622 seconds
  Import took 0.062566 seconds .

========================================================================
Received Import Request.
  Time since last request: 0.064606 seconds.
  path: Assets/GermSpikeRed.prefab
  artifactKey: Guid(f0dd26c8dbdc7bb4eb588aca25dbb99e) Importer(815301076,1909f56bfc062723c751e8b465ee728b)
Start importing Assets/GermSpikeRed.prefab using Guid(f0dd26c8dbdc7bb4eb588aca25dbb99e) Importer(815301076,1909f56bfc062723c751e8b465ee728b)  -> (artifact id: 'fed5fca060991f013c57ecedd885cb48') in 0.015834 seconds
  Import took 0.018886 seconds .

========================================================================
Received Import Request.
  Time since last request: 70.498045 seconds.
  path: Assets/GermSpikeRed.prefab
  artifactKey: Guid(f0dd26c8dbdc7bb4eb588aca25dbb99e) Importer(815301076,1909f56bfc062723c751e8b465ee728b)
Start importing Assets/GermSpikeRed.prefab using Guid(f0dd26c8dbdc7bb4eb588aca25dbb99e) Importer(815301076,1909f56bfc062723c751e8b465ee728b)  -> (artifact id: 'e179f0f8e41cd038c7563f172af06564') in 0.017118 seconds
  Import took 0.021400 seconds .

========================================================================
Received Import Request.
  Time since last request: 26.782497 seconds.
  path: Assets/GermSpikeRed.prefab
  artifactKey: Guid(f0dd26c8dbdc7bb4eb588aca25dbb99e) Importer(815301076,1909f56bfc062723c751e8b465ee728b)
Start importing Assets/GermSpikeRed.prefab using Guid(f0dd26c8dbdc7bb4eb588aca25dbb99e) Importer(815301076,1909f56bfc062723c751e8b465ee728b)  -> (artifact id: 'd140431394d2262f4029db43bc58f778') in 0.022498 seconds
  Import took 0.025912 seconds .

========================================================================
Received Import Request.
  Time since last request: 0.056754 seconds.
  path: Assets/GermSpikeRed.prefab
  artifactKey: Guid(f0dd26c8dbdc7bb4eb588aca25dbb99e) Importer(815301076,1909f56bfc062723c751e8b465ee728b)
Start importing Assets/GermSpikeRed.prefab using Guid(f0dd26c8dbdc7bb4eb588aca25dbb99e) Importer(815301076,1909f56bfc062723c751e8b465ee728b)  -> (artifact id: 'd140431394d2262f4029db43bc58f778') in 0.020944 seconds
  Import took 0.025336 seconds .

========================================================================
Received Import Request.
  Time since last request: 8.446444 seconds.
  path: Assets/GermSpikeRed.prefab
  artifactKey: Guid(f0dd26c8dbdc7bb4eb588aca25dbb99e) Importer(815301076,1909f56bfc062723c751e8b465ee728b)
Start importing Assets/GermSpikeRed.prefab using Guid(f0dd26c8dbdc7bb4eb588aca25dbb99e) Importer(815301076,1909f56bfc062723c751e8b465ee728b)  -> (artifact id: '36e3e62ba89fedad72675636a6ed0af4') in 0.020044 seconds
  Import took 0.024114 seconds .

========================================================================
Received Import Request.
  Time since last request: 0.054663 seconds.
  path: Assets/GermSpikeRed.prefab
  artifactKey: Guid(f0dd26c8dbdc7bb4eb588aca25dbb99e) Importer(815301076,1909f56bfc062723c751e8b465ee728b)
Start importing Assets/GermSpikeRed.prefab using Guid(f0dd26c8dbdc7bb4eb588aca25dbb99e) Importer(815301076,1909f56bfc062723c751e8b465ee728b)  -> (artifact id: '36e3e62ba89fedad72675636a6ed0af4') in 0.018445 seconds
  Import took 0.023049 seconds .

========================================================================
Received Import Request.
  Time since last request: 9.283163 seconds.
  path: Assets/GermSpikeRed.prefab
  artifactKey: Guid(f0dd26c8dbdc7bb4eb588aca25dbb99e) Importer(815301076,1909f56bfc062723c751e8b465ee728b)
Start importing Assets/GermSpikeRed.prefab using Guid(f0dd26c8dbdc7bb4eb588aca25dbb99e) Importer(815301076,1909f56bfc062723c751e8b465ee728b)  -> (artifact id: '47240cc2720e707302e5560fc965125a') in 0.018611 seconds
  Import took 0.022510 seconds .

========================================================================
Received Import Request.
  Time since last request: 3.184260 seconds.
  path: Assets/GermSpikeRed.prefab
  artifactKey: Guid(f0dd26c8dbdc7bb4eb588aca25dbb99e) Importer(815301076,1909f56bfc062723c751e8b465ee728b)
Start importing Assets/GermSpikeRed.prefab using Guid(f0dd26c8dbdc7bb4eb588aca25dbb99e) Importer(815301076,1909f56bfc062723c751e8b465ee728b)  -> (artifact id: '2adb4030c70c0d3c025e51bed3ede651') in 0.019589 seconds
  Import took 0.023371 seconds .

========================================================================
Received Import Request.
  Time since last request: 17.128620 seconds.
  path: Assets/GermSpikeRed.prefab
  artifactKey: Guid(f0dd26c8dbdc7bb4eb588aca25dbb99e) Importer(815301076,1909f56bfc062723c751e8b465ee728b)
Start importing Assets/GermSpikeRed.prefab using Guid(f0dd26c8dbdc7bb4eb588aca25dbb99e) Importer(815301076,1909f56bfc062723c751e8b465ee728b)  -> (artifact id: '5219f36cedada8bfb6e7f623138dfea4') in 0.019900 seconds
  Import took 0.024826 seconds .

========================================================================
Received Prepare
Registering precompiled user dll's ...
Registered in 0.007034 seconds.
Begin MonoManager ReloadAssembly
Native extension for WindowsStandalone target not found
Native extension for OSXStandalone target not found
Refreshing native plugins compatible for Editor in 0.55 ms, found 0 plugins.
Preloading 0 native plugins for Editor in 0.00 ms.
Mono: successfully reloaded assembly
- Completed reload, in  0.810 seconds
Platform modules already initialized, skipping
Refreshing native plugins compatible for Editor in 0.55 ms, found 0 plugins.
Preloading 0 native plugins for Editor in 0.00 ms.
Unloading 1918 Unused Serialized files (Serialized files now loaded: 0)
System memory in use before: 90.6 MB.
System memory in use after: 90.7 MB.

Unloading 37 unused Assets to reduce memory usage. Loaded Objects now: 2497.
Total: 4.761500 ms (FindLiveObjects: 0.236900 ms CreateObjectMapping: 0.117800 ms MarkObjects: 4.381800 ms  DeleteObjects: 0.023300 ms)

========================================================================
Received Prepare
Registering precompiled user dll's ...
Registered in 0.006073 seconds.
Begin MonoManager ReloadAssembly
Native extension for WindowsStandalone target not found
Native extension for OSXStandalone target not found
Refreshing native plugins compatible for Editor in 0.96 ms, found 0 plugins.
Preloading 0 native plugins for Editor in 0.00 ms.
Mono: successfully reloaded assembly
- Completed reload, in  1.096 seconds
Platform modules already initialized, skipping
Refreshing native plugins compatible for Editor in 0.62 ms, found 0 plugins.
Preloading 0 native plugins for Editor in 0.00 ms.
Unloading 1918 Unused Serialized files (Serialized files now loaded: 0)
System memory in use before: 90.6 MB.
System memory in use after: 90.7 MB.

Unloading 37 unused Assets to reduce memory usage. Loaded Objects now: 2500.
Total: 4.934200 ms (FindLiveObjects: 0.185900 ms CreateObjectMapping: 0.066400 ms MarkObjects: 4.648500 ms  DeleteObjects: 0.032100 ms)

========================================================================
Received Prepare
Registering precompiled user dll's ...
Registered in 0.004786 seconds.
Begin MonoManager ReloadAssembly
Native extension for WindowsStandalone target not found
Native extension for OSXStandalone target not found
Refreshing native plugins compatible for Editor in 0.56 ms, found 0 plugins.
Preloading 0 native plugins for Editor in 0.00 ms.
Mono: successfully reloaded assembly
- Completed reload, in  0.836 seconds
Platform modules already initialized, skipping
Refreshing native plugins compatible for Editor in 0.55 ms, found 0 plugins.
Preloading 0 native plugins for Editor in 0.00 ms.
Unloading 1918 Unused Serialized files (Serialized files now loaded: 0)
System memory in use before: 90.6 MB.
System memory in use after: 90.7 MB.

Unloading 37 unused Assets to reduce memory usage. Loaded Objects now: 2503.
Total: 5.209400 ms (FindLiveObjects: 0.389800 ms CreateObjectMapping: 0.086600 ms MarkObjects: 4.710100 ms  DeleteObjects: 0.021700 ms)

========================================================================
Received Import Request.
  Time since last request: 393.728931 seconds.
  path: Assets/GermSpikeRed.prefab
  artifactKey: Guid(f0dd26c8dbdc7bb4eb588aca25dbb99e) Importer(815301076,1909f56bfc062723c751e8b465ee728b)
Start importing Assets/GermSpikeRed.prefab using Guid(f0dd26c8dbdc7bb4eb588aca25dbb99e) Importer(815301076,1909f56bfc062723c751e8b465ee728b)  -> (artifact id: '7ed665fb4e493980a9481e306300c067') in 0.054295 seconds
  Import took 0.057639 seconds .

========================================================================
Received Prepare
Registering precompiled user dll's ...
Registered in 0.004818 seconds.
Begin MonoManager ReloadAssembly
Native extension for WindowsStandalone target not found
Native extension for OSXStandalone target not found
Refreshing native plugins compatible for Editor in 0.55 ms, found 0 plugins.
Preloading 0 native plugins for Editor in 0.00 ms.
Mono: successfully reloaded assembly
- Completed reload, in  0.827 seconds
Platform modules already initialized, skipping
Refreshing native plugins compatible for Editor in 0.58 ms, found 0 plugins.
Preloading 0 native plugins for Editor in 0.00 ms.
Unloading 1918 Unused Serialized files (Serialized files now loaded: 0)
System memory in use before: 90.6 MB.
System memory in use after: 90.7 MB.

Unloading 37 unused Assets to reduce memory usage. Loaded Objects now: 2507.
Total: 4.946600 ms (FindLiveObjects: 0.184000 ms CreateObjectMapping: 0.060400 ms MarkObjects: 4.677700 ms  DeleteObjects: 0.023300 ms)

========================================================================
Received Import Request.
  Time since last request: 43.474578 seconds.
  path: Assets/GermSpikeRed.prefab
  artifactKey: Guid(f0dd26c8dbdc7bb4eb588aca25dbb99e) Importer(815301076,1909f56bfc062723c751e8b465ee728b)
Start importing Assets/GermSpikeRed.prefab using Guid(f0dd26c8dbdc7bb4eb588aca25dbb99e) Importer(815301076,1909f56bfc062723c751e8b465ee728b)  -> (artifact id: '30fe48bbdfcf4ae46cdc718c0844a35b') in 0.054583 seconds
  Import took 0.057981 seconds .

========================================================================
Received Prepare
Registering precompiled user dll's ...
Registered in 0.004758 seconds.
Begin MonoManager ReloadAssembly
Native extension for WindowsStandalone target not found
Native extension for OSXStandalone target not found
Refreshing native plugins compatible for Editor in 0.55 ms, found 0 plugins.
Preloading 0 native plugins for Editor in 0.00 ms.
Mono: successfully reloaded assembly
- Completed reload, in  0.804 seconds
Platform modules already initialized, skipping
Refreshing native plugins compatible for Editor in 0.57 ms, found 0 plugins.
Preloading 0 native plugins for Editor in 0.00 ms.
Unloading 1918 Unused Serialized files (Serialized files now loaded: 0)
System memory in use before: 90.6 MB.
System memory in use after: 90.7 MB.

Unloading 37 unused Assets to reduce memory usage. Loaded Objects now: 2511.
Total: 4.574400 ms (FindLiveObjects: 0.212800 ms CreateObjectMapping: 0.073600 ms MarkObjects: 4.266000 ms  DeleteObjects: 0.021000 ms)

========================================================================
Received Import Request.
  Time since last request: 87.059441 seconds.
  path: Assets/GermSpike 1.prefab
  artifactKey: Guid(0fad6f3ced93d7c43840eb8de4aba13b) Importer(815301076,1909f56bfc062723c751e8b465ee728b)
Start importing Assets/GermSpike 1.prefab using Guid(0fad6f3ced93d7c43840eb8de4aba13b) Importer(815301076,1909f56bfc062723c751e8b465ee728b)  -> (artifact id: '0be217000c0aec119c019dbf83715b0a') in 0.058924 seconds
  Import took 0.062764 seconds .

========================================================================
Received Import Request.
  Time since last request: 47.837667 seconds.
  path: Assets/Sherbbs Particle Collection
  artifactKey: Guid(db71f0a285809234ba3aa402fafe0081) Importer(815301076,1909f56bfc062723c751e8b465ee728b)
Start importing Assets/Sherbbs Particle Collection using Guid(db71f0a285809234ba3aa402fafe0081) Importer(815301076,1909f56bfc062723c751e8b465ee728b)  -> (artifact id: '58e61d15638cbf7526ee375b3d71b49e') in 0.007643 seconds
  Import took 0.010600 seconds .

========================================================================
Received Import Request.
  Time since last request: 0.411236 seconds.
  path: Assets/SpaceSkies Free
  artifactKey: Guid(fc25a01853dda3743b84dfd6fe7f7dbf) Importer(815301076,1909f56bfc062723c751e8b465ee728b)
Start importing Assets/SpaceSkies Free using Guid(fc25a01853dda3743b84dfd6fe7f7dbf) Importer(815301076,1909f56bfc062723c751e8b465ee728b)  -> (artifact id: 'd0466a8597bf40c7b5824b731d972dd7') in 0.007960 seconds
  Import took 0.011068 seconds .

========================================================================
Received Import Request.
  Time since last request: 0.361734 seconds.
  path: Assets/Thaleah_PixelFont
  artifactKey: Guid(e64f346bcb1f77d46b6c63c43c79edbe) Importer(815301076,1909f56bfc062723c751e8b465ee728b)
Start importing Assets/Thaleah_PixelFont using Guid(e64f346bcb1f77d46b6c63c43c79edbe) Importer(815301076,1909f56bfc062723c751e8b465ee728b)  -> (artifact id: 'd6e915a913052b7c482cc9673579a793') in 0.014573 seconds
  Import took 0.020589 seconds .

========================================================================
Received Import Request.
  Time since last request: 13.076163 seconds.
  path: Assets/GermSpike 1.prefab
  artifactKey: Guid(0fad6f3ced93d7c43840eb8de4aba13b) Importer(815301076,1909f56bfc062723c751e8b465ee728b)
Start importing Assets/GermSpike 1.prefab using Guid(0fad6f3ced93d7c43840eb8de4aba13b) Importer(815301076,1909f56bfc062723c751e8b465ee728b)  -> (artifact id: '93533942aa1119d5ea2b5430ba305949') in 0.017199 seconds
  Import took 0.021154 seconds .

========================================================================
Received Prepare
Registering precompiled user dll's ...
Registered in 0.004639 seconds.
Begin MonoManager ReloadAssembly
Native extension for WindowsStandalone target not found
Native extension for OSXStandalone target not found
Refreshing native plugins compatible for Editor in 0.54 ms, found 0 plugins.
Preloading 0 native plugins for Editor in 0.00 ms.
Mono: successfully reloaded assembly
- Completed reload, in  0.798 seconds
Platform modules already initialized, skipping
Refreshing native plugins compatible for Editor in 0.58 ms, found 0 plugins.
Preloading 0 native plugins for Editor in 0.00 ms.
Unloading 1918 Unused Serialized files (Serialized files now loaded: 0)
System memory in use before: 90.6 MB.
System memory in use after: 90.7 MB.

Unloading 37 unused Assets to reduce memory usage. Loaded Objects now: 2515.
Total: 4.712700 ms (FindLiveObjects: 0.214600 ms CreateObjectMapping: 0.068100 ms MarkObjects: 4.406400 ms  DeleteObjects: 0.022300 ms)

========================================================================
Received Import Request.
  Time since last request: 319.198132 seconds.
  path: Assets/GermSpike 1.prefab
  artifactKey: Guid(0fad6f3ced93d7c43840eb8de4aba13b) Importer(815301076,1909f56bfc062723c751e8b465ee728b)
Start importing Assets/GermSpike 1.prefab using Guid(0fad6f3ced93d7c43840eb8de4aba13b) Importer(815301076,1909f56bfc062723c751e8b465ee728b)  -> (artifact id: '5e6f4a12462e0ed5d50d85103d2625ed') in 0.057587 seconds
  Import took 0.061310 seconds .

========================================================================
Received Import Request.
  Time since last request: 3.753464 seconds.
  path: Assets/GermSpike 1.prefab
  artifactKey: Guid(0fad6f3ced93d7c43840eb8de4aba13b) Importer(815301076,1909f56bfc062723c751e8b465ee728b)
Start importing Assets/GermSpike 1.prefab using Guid(0fad6f3ced93d7c43840eb8de4aba13b) Importer(815301076,1909f56bfc062723c751e8b465ee728b)  -> (artifact id: 'f0c5c9aae4d14e02e841c440d4874e08') in 0.018067 seconds
  Import took 0.021679 seconds .

========================================================================
Received Import Request.
  Time since last request: 5.805812 seconds.
  path: Assets/GermSpike 1.prefab
  artifactKey: Guid(0fad6f3ced93d7c43840eb8de4aba13b) Importer(815301076,1909f56bfc062723c751e8b465ee728b)
Start importing Assets/GermSpike 1.prefab using Guid(0fad6f3ced93d7c43840eb8de4aba13b) Importer(815301076,1909f56bfc062723c751e8b465ee728b)  -> (artifact id: 'c3a39f49b6260651e049242cff98c72f') in 0.016942 seconds
  Import took 0.020469 seconds .

========================================================================
Received Prepare
Registering precompiled user dll's ...
Registered in 0.004778 seconds.
Begin MonoManager ReloadAssembly
Native extension for WindowsStandalone target not found
Native extension for OSXStandalone target not found
Refreshing native plugins compatible for Editor in 0.53 ms, found 0 plugins.
Preloading 0 native plugins for Editor in 0.00 ms.
Mono: successfully reloaded assembly
- Completed reload, in  0.809 seconds
Platform modules already initialized, skipping
Refreshing native plugins compatible for Editor in 0.54 ms, found 0 plugins.
Preloading 0 native plugins for Editor in 0.00 ms.
Unloading 1918 Unused Serialized files (Serialized files now loaded: 0)
System memory in use before: 90.6 MB.
System memory in use after: 90.7 MB.

Unloading 37 unused Assets to reduce memory usage. Loaded Objects now: 2519.
Total: 4.680100 ms (FindLiveObjects: 0.223300 ms CreateObjectMapping: 0.071000 ms MarkObjects: 4.362200 ms  DeleteObjects: 0.022400 ms)

========================================================================
Received Prepare
Registering precompiled user dll's ...
Registered in 0.005368 seconds.
Begin MonoManager ReloadAssembly
Native extension for WindowsStandalone target not found
Native extension for OSXStandalone target not found
Refreshing native plugins compatible for Editor in 0.57 ms, found 0 plugins.
Preloading 0 native plugins for Editor in 0.00 ms.
Mono: successfully reloaded assembly
- Completed reload, in  0.830 seconds
Platform modules already initialized, skipping
Refreshing native plugins compatible for Editor in 0.56 ms, found 0 plugins.
Preloading 0 native plugins for Editor in 0.00 ms.
Unloading 1918 Unused Serialized files (Serialized files now loaded: 0)
System memory in use before: 90.6 MB.
System memory in use after: 90.7 MB.

Unloading 37 unused Assets to reduce memory usage. Loaded Objects now: 2522.
Total: 5.325800 ms (FindLiveObjects: 0.217100 ms CreateObjectMapping: 0.086400 ms MarkObjects: 4.999000 ms  DeleteObjects: 0.022000 ms)

========================================================================
Received Import Request.
  Time since last request: 202.445376 seconds.
  path: Assets/Materials/Yellow.mat
  artifactKey: Guid(838debad69f560e4388f278ed944d55b) Importer(815301076,1909f56bfc062723c751e8b465ee728b)
Start importing Assets/Materials/Yellow.mat using Guid(838debad69f560e4388f278ed944d55b) Importer(815301076,1909f56bfc062723c751e8b465ee728b)  -> (artifact id: '8d3ba493d692a9d8b36cb138575fbf66') in 0.049225 seconds
  Import took 0.052204 seconds .

========================================================================
Received Import Request.
  Time since last request: 117.482029 seconds.
  path: Assets/Bullet.prefab
  artifactKey: Guid(8d83e33d1c4f49048a826515991c71ec) Importer(815301076,1909f56bfc062723c751e8b465ee728b)
Start importing Assets/Bullet.prefab using Guid(8d83e33d1c4f49048a826515991c71ec) Importer(815301076,1909f56bfc062723c751e8b465ee728b)  -> (artifact id: '55f4a797ffffb079fc33b04cbf0aa173') in 0.022214 seconds
  Import took 0.025216 seconds .

========================================================================
Received Prepare
Registering precompiled user dll's ...
Registered in 0.005099 seconds.
Begin MonoManager ReloadAssembly
Native extension for WindowsStandalone target not found
Native extension for OSXStandalone target not found
Refreshing native plugins compatible for Editor in 0.54 ms, found 0 plugins.
Preloading 0 native plugins for Editor in 0.00 ms.
Mono: successfully reloaded assembly
- Completed reload, in  0.795 seconds
Platform modules already initialized, skipping
Refreshing native plugins compatible for Editor in 0.53 ms, found 0 plugins.
Preloading 0 native plugins for Editor in 0.00 ms.
Unloading 1918 Unused Serialized files (Serialized files now loaded: 0)
System memory in use before: 90.6 MB.
System memory in use after: 90.8 MB.

Unloading 37 unused Assets to reduce memory usage. Loaded Objects now: 2527.
Total: 5.194000 ms (FindLiveObjects: 0.440300 ms CreateObjectMapping: 0.124500 ms MarkObjects: 4.605100 ms  DeleteObjects: 0.023000 ms)

========================================================================
Received Import Request.
  Time since last request: 9.328665 seconds.
  path: Assets/Bullet.prefab
  artifactKey: Guid(8d83e33d1c4f49048a826515991c71ec) Importer(815301076,1909f56bfc062723c751e8b465ee728b)
Start importing Assets/Bullet.prefab using Guid(8d83e33d1c4f49048a826515991c71ec) Importer(815301076,1909f56bfc062723c751e8b465ee728b)  -> (artifact id: '779187ed1add72719f3a9dfc2914f567') in 0.047761 seconds
  Import took 0.050688 seconds .

========================================================================
Received Import Request.
  Time since last request: 28.068645 seconds.
  path: Assets/Creator Kit - FPS/Art/Materials/Characters/GermSpikeRed.mat
  artifactKey: Guid(b952af733e7e7f84c9434ade9e6d504e) Importer(815301076,1909f56bfc062723c751e8b465ee728b)
Start importing Assets/Creator Kit - FPS/Art/Materials/Characters/GermSpikeRed.mat using Guid(b952af733e7e7f84c9434ade9e6d504e) Importer(815301076,1909f56bfc062723c751e8b465ee728b)  -> (artifact id: 'a6a9f3e2de4205feb453beca0d898b1b') in 0.028262 seconds
  Import took 0.031786 seconds .

========================================================================
Received Import Request.
  Time since last request: 0.011192 seconds.
  path: Assets/Creator Kit - FPS/Art/Materials/Characters/GermSpikeRed.mat
  artifactKey: Guid(b952af733e7e7f84c9434ade9e6d504e) Importer(815301076,1909f56bfc062723c751e8b465ee728b)
Start importing Assets/Creator Kit - FPS/Art/Materials/Characters/GermSpikeRed.mat using Guid(b952af733e7e7f84c9434ade9e6d504e) Importer(815301076,1909f56bfc062723c751e8b465ee728b)  -> (artifact id: 'a6a9f3e2de4205feb453beca0d898b1b') in 0.014707 seconds
  Import took 0.018353 seconds .

========================================================================
Received Prepare
Registering precompiled user dll's ...
Registered in 0.004895 seconds.
Begin MonoManager ReloadAssembly
Native extension for WindowsStandalone target not found
Native extension for OSXStandalone target not found
Refreshing native plugins compatible for Editor in 0.57 ms, found 0 plugins.
Preloading 0 native plugins for Editor in 0.00 ms.
Mono: successfully reloaded assembly
- Completed reload, in  0.814 seconds
Platform modules already initialized, skipping
Refreshing native plugins compatible for Editor in 0.55 ms, found 0 plugins.
Preloading 0 native plugins for Editor in 0.00 ms.
Unloading 1918 Unused Serialized files (Serialized files now loaded: 0)
System memory in use before: 90.7 MB.
System memory in use after: 90.8 MB.

Unloading 37 unused Assets to reduce memory usage. Loaded Objects now: 2531.
Total: 5.108900 ms (FindLiveObjects: 0.370400 ms CreateObjectMapping: 0.157400 ms MarkObjects: 4.557400 ms  DeleteObjects: 0.022700 ms)

========================================================================
Received Import Request.
  Time since last request: 69.925848 seconds.
  path: Assets/Bullet.prefab
  artifactKey: Guid(8d83e33d1c4f49048a826515991c71ec) Importer(815301076,1909f56bfc062723c751e8b465ee728b)
Start importing Assets/Bullet.prefab using Guid(8d83e33d1c4f49048a826515991c71ec) Importer(815301076,1909f56bfc062723c751e8b465ee728b)  -> (artifact id: '5f734b7343130bf6585e76658e5a3ecc') in 0.042874 seconds
  Import took 0.047047 seconds .

========================================================================
Received Import Request.
  Time since last request: 1.675335 seconds.
  path: Assets/Bullet.prefab
  artifactKey: Guid(8d83e33d1c4f49048a826515991c71ec) Importer(815301076,1909f56bfc062723c751e8b465ee728b)
Start importing Assets/Bullet.prefab using Guid(8d83e33d1c4f49048a826515991c71ec) Importer(815301076,1909f56bfc062723c751e8b465ee728b)  -> (artifact id: '5f734b7343130bf6585e76658e5a3ecc') in 0.010710 seconds
  Import took 0.014472 seconds .

========================================================================
Received Prepare
Registering precompiled user dll's ...
Registered in 0.004747 seconds.
Begin MonoManager ReloadAssembly
Native extension for WindowsStandalone target not found
Native extension for OSXStandalone target not found
Refreshing native plugins compatible for Editor in 0.54 ms, found 0 plugins.
Preloading 0 native plugins for Editor in 0.00 ms.
Mono: successfully reloaded assembly
- Completed reload, in  0.813 seconds
Platform modules already initialized, skipping
Refreshing native plugins compatible for Editor in 0.55 ms, found 0 plugins.
Preloading 0 native plugins for Editor in 0.00 ms.
Unloading 1918 Unused Serialized files (Serialized files now loaded: 0)
System memory in use before: 90.7 MB.
System memory in use after: 90.8 MB.

Unloading 37 unused Assets to reduce memory usage. Loaded Objects now: 2535.
Total: 4.787100 ms (FindLiveObjects: 0.251000 ms CreateObjectMapping: 0.077300 ms MarkObjects: 4.432800 ms  DeleteObjects: 0.024300 ms)

========================================================================
Received Import Request.
  Time since last request: 151.317554 seconds.
  path: Assets/Materials/Pink.mat
  artifactKey: Guid(44a898c0ce2289b4c9abe74cf700afac) Importer(815301076,1909f56bfc062723c751e8b465ee728b)
Start importing Assets/Materials/Pink.mat using Guid(44a898c0ce2289b4c9abe74cf700afac) Importer(815301076,1909f56bfc062723c751e8b465ee728b)  -> (artifact id: 'cb904398c4b240a8c66c840bae0c4c15') in 0.054073 seconds
  Import took 0.057784 seconds .

========================================================================
Received Import Request.
  Time since last request: 71.663246 seconds.
  path: Assets/Bullet.prefab
  artifactKey: Guid(8d83e33d1c4f49048a826515991c71ec) Importer(815301076,1909f56bfc062723c751e8b465ee728b)
Start importing Assets/Bullet.prefab using Guid(8d83e33d1c4f49048a826515991c71ec) Importer(815301076,1909f56bfc062723c751e8b465ee728b)  -> (artifact id: 'e74e3a63941705128b21fb199f117ded') in 0.018237 seconds
  Import took 0.021470 seconds .

========================================================================
Received Import Request.
  Time since last request: 11.911484 seconds.
  path: Assets/Bullet.prefab
  artifactKey: Guid(8d83e33d1c4f49048a826515991c71ec) Importer(815301076,1909f56bfc062723c751e8b465ee728b)
Start importing Assets/Bullet.prefab using Guid(8d83e33d1c4f49048a826515991c71ec) Importer(815301076,1909f56bfc062723c751e8b465ee728b)  -> (artifact id: 'dcfede8eab7a0bc834a47da150da657b') in 0.008825 seconds
  Import took 0.011892 seconds .

========================================================================
Received Prepare
Registering precompiled user dll's ...
Registered in 0.005584 seconds.
Begin MonoManager ReloadAssembly
Native extension for WindowsStandalone target not found
Native extension for OSXStandalone target not found
Refreshing native plugins compatible for Editor in 0.61 ms, found 0 plugins.
Preloading 0 native plugins for Editor in 0.00 ms.
Mono: successfully reloaded assembly
- Completed reload, in  1.087 seconds
Platform modules already initialized, skipping
Refreshing native plugins compatible for Editor in 0.83 ms, found 0 plugins.
Preloading 0 native plugins for Editor in 0.00 ms.
Unloading 1918 Unused Serialized files (Serialized files now loaded: 0)
System memory in use before: 90.7 MB.
System memory in use after: 90.8 MB.

Unloading 37 unused Assets to reduce memory usage. Loaded Objects now: 2539.
Total: 5.331800 ms (FindLiveObjects: 0.252100 ms CreateObjectMapping: 0.077900 ms MarkObjects: 4.959600 ms  DeleteObjects: 0.040400 ms)

========================================================================
Received Import Request.
  Time since last request: 104.248598 seconds.
  path: Assets/Bullet.prefab
  artifactKey: Guid(8d83e33d1c4f49048a826515991c71ec) Importer(815301076,1909f56bfc062723c751e8b465ee728b)
Start importing Assets/Bullet.prefab using Guid(8d83e33d1c4f49048a826515991c71ec) Importer(815301076,1909f56bfc062723c751e8b465ee728b)  -> (artifact id: '814054bfb5b7c75e073a3b3d331cd1e4') in 0.056212 seconds
  Import took 0.060004 seconds .

========================================================================
Received Import Request.
  Time since last request: 10.195713 seconds.
  path: Assets/Bullet.prefab
  artifactKey: Guid(8d83e33d1c4f49048a826515991c71ec) Importer(815301076,1909f56bfc062723c751e8b465ee728b)
Start importing Assets/Bullet.prefab using Guid(8d83e33d1c4f49048a826515991c71ec) Importer(815301076,1909f56bfc062723c751e8b465ee728b)  -> (artifact id: 'e778161d833cf41948ecb2a1f01a5595') in 0.009639 seconds
  Import took 0.012769 seconds .

========================================================================
Received Prepare
Registering precompiled user dll's ...
Registered in 0.004712 seconds.
Begin MonoManager ReloadAssembly
Native extension for WindowsStandalone target not found
Native extension for OSXStandalone target not found
Refreshing native plugins compatible for Editor in 0.55 ms, found 0 plugins.
Preloading 0 native plugins for Editor in 0.00 ms.
Mono: successfully reloaded assembly
- Completed reload, in  0.931 seconds
Platform modules already initialized, skipping
Refreshing native plugins compatible for Editor in 0.56 ms, found 0 plugins.
Preloading 0 native plugins for Editor in 0.00 ms.
Unloading 1918 Unused Serialized files (Serialized files now loaded: 0)
System memory in use before: 90.8 MB.
System memory in use after: 90.9 MB.

Unloading 37 unused Assets to reduce memory usage. Loaded Objects now: 2543.
Total: 4.626600 ms (FindLiveObjects: 0.199500 ms CreateObjectMapping: 0.074500 ms MarkObjects: 4.319900 ms  DeleteObjects: 0.031100 ms)

========================================================================
Received Import Request.
  Time since last request: 112.961228 seconds.
  path: Assets/Bullet.prefab
  artifactKey: Guid(8d83e33d1c4f49048a826515991c71ec) Importer(815301076,1909f56bfc062723c751e8b465ee728b)
Start importing Assets/Bullet.prefab using Guid(8d83e33d1c4f49048a826515991c71ec) Importer(815301076,1909f56bfc062723c751e8b465ee728b)  -> (artifact id: 'd4e6fc374a26f759d5ee13fd70c1ac7e') in 0.057935 seconds
  Import took 0.061200 seconds .

========================================================================
Received Import Request.
  Time since last request: 11.345580 seconds.
  path: Assets/Bullet.prefab
  artifactKey: Guid(8d83e33d1c4f49048a826515991c71ec) Importer(815301076,1909f56bfc062723c751e8b465ee728b)
Start importing Assets/Bullet.prefab using Guid(8d83e33d1c4f49048a826515991c71ec) Importer(815301076,1909f56bfc062723c751e8b465ee728b)  -> (artifact id: 'd45d0622eeff6ec6885d968836c9f316') in 0.008785 seconds
  Import took 0.012048 seconds .

========================================================================
Received Prepare
Registering precompiled user dll's ...
Registered in 0.006432 seconds.
Begin MonoManager ReloadAssembly
Native extension for WindowsStandalone target not found
Native extension for OSXStandalone target not found
Refreshing native plugins compatible for Editor in 0.64 ms, found 0 plugins.
Preloading 0 native plugins for Editor in 0.00 ms.
Mono: successfully reloaded assembly
- Completed reload, in  0.807 seconds
Platform modules already initialized, skipping
Refreshing native plugins compatible for Editor in 0.56 ms, found 0 plugins.
Preloading 0 native plugins for Editor in 0.00 ms.
Unloading 1918 Unused Serialized files (Serialized files now loaded: 0)
System memory in use before: 90.8 MB.
System memory in use after: 90.9 MB.

Unloading 37 unused Assets to reduce memory usage. Loaded Objects now: 2547.
Total: 4.929800 ms (FindLiveObjects: 0.210400 ms CreateObjectMapping: 0.091800 ms MarkObjects: 4.602500 ms  DeleteObjects: 0.023900 ms)

========================================================================
Received Import Request.
  Time since last request: 114.622594 seconds.
  path: Assets/GermSpikeRed.prefab
  artifactKey: Guid(f0dd26c8dbdc7bb4eb588aca25dbb99e) Importer(815301076,1909f56bfc062723c751e8b465ee728b)
Start importing Assets/GermSpikeRed.prefab using Guid(f0dd26c8dbdc7bb4eb588aca25dbb99e) Importer(815301076,1909f56bfc062723c751e8b465ee728b)  -> (artifact id: '9eda95b72c7b774544181f3ade3973c9') in 0.052005 seconds
  Import took 0.055302 seconds .

========================================================================
Received Prepare
Registering precompiled user dll's ...
Registered in 0.004851 seconds.
Begin MonoManager ReloadAssembly
Native extension for WindowsStandalone target not found
Native extension for OSXStandalone target not found
Refreshing native plugins compatible for Editor in 0.58 ms, found 0 plugins.
Preloading 0 native plugins for Editor in 0.00 ms.
Mono: successfully reloaded assembly
- Completed reload, in  0.818 seconds
Platform modules already initialized, skipping
Refreshing native plugins compatible for Editor in 0.56 ms, found 0 plugins.
Preloading 0 native plugins for Editor in 0.00 ms.
Unloading 1918 Unused Serialized files (Serialized files now loaded: 0)
System memory in use before: 90.8 MB.
System memory in use after: 90.9 MB.

Unloading 37 unused Assets to reduce memory usage. Loaded Objects now: 2551.
Total: 4.922300 ms (FindLiveObjects: 0.364200 ms CreateObjectMapping: 0.069700 ms MarkObjects: 4.462300 ms  DeleteObjects: 0.024200 ms)

========================================================================
Received Import Request.
  Time since last request: 67.564605 seconds.
  path: Assets/GermSpike 1.prefab
  artifactKey: Guid(0fad6f3ced93d7c43840eb8de4aba13b) Importer(815301076,1909f56bfc062723c751e8b465ee728b)
Start importing Assets/GermSpike 1.prefab using Guid(0fad6f3ced93d7c43840eb8de4aba13b) Importer(815301076,1909f56bfc062723c751e8b465ee728b)  -> (artifact id: '2a07a73fe750923d93a95a2caddc6942') in 0.058671 seconds
  Import took 0.062110 seconds .

========================================================================
Received Prepare
Registering precompiled user dll's ...
Registered in 0.004774 seconds.
Begin MonoManager ReloadAssembly
Native extension for WindowsStandalone target not found
Native extension for OSXStandalone target not found
Refreshing native plugins compatible for Editor in 0.53 ms, found 0 plugins.
Preloading 0 native plugins for Editor in 0.00 ms.
Mono: successfully reloaded assembly
- Completed reload, in  0.790 seconds
Platform modules already initialized, skipping
Refreshing native plugins compatible for Editor in 0.56 ms, found 0 plugins.
Preloading 0 native plugins for Editor in 0.00 ms.
Unloading 1918 Unused Serialized files (Serialized files now loaded: 0)
System memory in use before: 90.8 MB.
System memory in use after: 90.9 MB.

Unloading 37 unused Assets to reduce memory usage. Loaded Objects now: 2555.
Total: 5.037400 ms (FindLiveObjects: 0.347400 ms CreateObjectMapping: 0.078200 ms MarkObjects: 4.589500 ms  DeleteObjects: 0.021100 ms)

========================================================================
Received Prepare
Registering precompiled user dll's ...
Registered in 0.004732 seconds.
Begin MonoManager ReloadAssembly
Native extension for WindowsStandalone target not found
Native extension for OSXStandalone target not found
Refreshing native plugins compatible for Editor in 0.59 ms, found 0 plugins.
Preloading 0 native plugins for Editor in 0.00 ms.
Mono: successfully reloaded assembly
- Completed reload, in  0.821 seconds
Platform modules already initialized, skipping
Refreshing native plugins compatible for Editor in 0.57 ms, found 0 plugins.
Preloading 0 native plugins for Editor in 0.00 ms.
Unloading 1918 Unused Serialized files (Serialized files now loaded: 0)
System memory in use before: 90.8 MB.
System memory in use after: 90.9 MB.

Unloading 37 unused Assets to reduce memory usage. Loaded Objects now: 2558.
Total: 5.378600 ms (FindLiveObjects: 0.336100 ms CreateObjectMapping: 0.119100 ms MarkObjects: 4.883900 ms  DeleteObjects: 0.038100 ms)

========================================================================
Received Import Request.
  Time since last request: 104.374060 seconds.
  path: Assets/GermSpike 1.prefab
  artifactKey: Guid(0fad6f3ced93d7c43840eb8de4aba13b) Importer(815301076,1909f56bfc062723c751e8b465ee728b)
Start importing Assets/GermSpike 1.prefab using Guid(0fad6f3ced93d7c43840eb8de4aba13b) Importer(815301076,1909f56bfc062723c751e8b465ee728b)  -> (artifact id: '85240568e0e50c5c4b6dd55924e742ed') in 0.056681 seconds
  Import took 0.060746 seconds .

========================================================================
Received Import Request.
  Time since last request: 1.604963 seconds.
  path: Assets/GermSpike 1.prefab
  artifactKey: Guid(0fad6f3ced93d7c43840eb8de4aba13b) Importer(815301076,1909f56bfc062723c751e8b465ee728b)
Start importing Assets/GermSpike 1.prefab using Guid(0fad6f3ced93d7c43840eb8de4aba13b) Importer(815301076,1909f56bfc062723c751e8b465ee728b)  -> (artifact id: '85240568e0e50c5c4b6dd55924e742ed') in 0.024994 seconds
  Import took 0.029508 seconds .

========================================================================
Received Prepare
Registering precompiled user dll's ...
Registered in 0.005415 seconds.
Begin MonoManager ReloadAssembly
Native extension for WindowsStandalone target not found
Native extension for OSXStandalone target not found
Refreshing native plugins compatible for Editor in 0.56 ms, found 0 plugins.
Preloading 0 native plugins for Editor in 0.00 ms.
Mono: successfully reloaded assembly
- Completed reload, in  0.802 seconds
Platform modules already initialized, skipping
Refreshing native plugins compatible for Editor in 0.55 ms, found 0 plugins.
Preloading 0 native plugins for Editor in 0.00 ms.
Unloading 1918 Unused Serialized files (Serialized files now loaded: 0)
System memory in use before: 90.8 MB.
System memory in use after: 90.9 MB.

Unloading 37 unused Assets to reduce memory usage. Loaded Objects now: 2562.
Total: 4.737800 ms (FindLiveObjects: 0.194900 ms CreateObjectMapping: 0.058700 ms MarkObjects: 4.462600 ms  DeleteObjects: 0.020600 ms)

AssetImportWorkerClient::OnTransportError - code=2 error=End of file
